<?xml version="1.0" encoding="UTF-8"?>
<!-- Generated by org.testng.reporters.JUnitReportReporter -->
<testsuite hostname="Sonalis-MacBook.local" failures="0" tests="4" name="com.qa.test.LoginPageTest" time="15.175" errors="0" timestamp="30 Mar 2018 16:49:40 GMT" skipped="0">
  <testcase classname="com.qa.test.LoginPageTest" name="titleOfThePageTest" time="5.886"/>
  <testcase classname="com.qa.test.LoginPageTest" name="validateBankNameOnThePageTest" time="2.543"/>
  <testcase classname="com.qa.test.LoginPageTest" name="validateLoginImageTest" time="2.953"/>
  <testcase classname="com.qa.test.LoginPageTest" name="loginClickTest" time="3.793"/>
</testsuite> <!-- com.qa.test.LoginPageTest -->
