<?xml version="1.0" encoding="UTF-8"?>
<!-- Generated by org.testng.reporters.JUnitReportReporter -->
<testsuite hostname="Sonalis-MacBook.local" failures="0" tests="4" name="com.qa.test.LoginPageTest" time="19.592" errors="0" timestamp="30 Mar 2018 19:32:20 GMT" skipped="0">
  <testcase classname="com.qa.test.LoginPageTest" name="titleOfThePageTest" time="3.862"/>
  <testcase classname="com.qa.test.LoginPageTest" name="validateBankNameOnThePageTest" time="3.838"/>
  <testcase classname="com.qa.test.LoginPageTest" name="validateLoginImageTest" time="6.807"/>
  <testcase classname="com.qa.test.LoginPageTest" name="loginClickTest" time="5.085"/>
</testsuite> <!-- com.qa.test.LoginPageTest -->
