<?xml version="1.0" encoding="UTF-8"?>
<!-- Generated by org.testng.reporters.JUnitReportReporter -->
<testsuite hostname="Sonalis-MacBook.local" failures="0" tests="4" name="com.qa.test.HomePageTest" time="25.156" errors="0" timestamp="30 Mar 2018 20:19:33 GMT" skipped="0">
  <testcase classname="com.qa.test.HomePageTest" name="validateHomePageTitleTest" time="5.971"/>
  <testcase classname="com.qa.test.HomePageTest" name="marqueeTextCheckTest" time="5.878"/>
  <testcase classname="com.qa.test.HomePageTest" name="threeImageDisplayCheckTest" time="5.724"/>
  <testcase classname="com.qa.test.HomePageTest" name="verifyManagerClickTest" time="7.583"/>
</testsuite> <!-- com.qa.test.HomePageTest -->
